[2024-09-03T16:31:41.789035+00:00] log.INFO: /products [] []
[2024-09-03T16:31:41.792244+00:00] log.INFO: GET [] []
[2024-09-03T16:31:50.321285+00:00] log.INFO: /products [] []
[2024-09-03T16:31:50.321567+00:00] log.INFO: GET [] []
[2024-09-03T16:31:57.370664+00:00] log.INFO: /products [] []
[2024-09-03T16:31:57.370801+00:00] log.INFO: OPTIONS [] []
[2024-09-03T16:33:41.061249+00:00] log.INFO: /products [] []
[2024-09-03T16:33:41.061641+00:00] log.INFO: GET [] []
[2024-09-03T16:33:58.105229+00:00] log.INFO: /products [] []
[2024-09-03T16:33:58.105427+00:00] log.INFO: GET [] []
[2024-09-03T16:34:02.994684+00:00] log.INFO: /products [] []
[2024-09-03T16:34:02.994969+00:00] log.INFO: OPTIONS [] []
[2024-09-03T16:36:46.021914+00:00] log.INFO: /products [] []
[2024-09-03T16:36:46.022193+00:00] log.INFO: GET [] []
[2024-09-03T16:37:43.594374+00:00] log.INFO: /products [] []
[2024-09-03T16:37:43.594621+00:00] log.INFO: OPTIONS [] []
[2024-09-03T16:38:13.190933+00:00] log.INFO: /products [] []
[2024-09-03T16:38:13.191075+00:00] log.INFO: OPTIONS [] []
[2024-09-03T16:38:55.458184+00:00] log.INFO: /products [] []
[2024-09-03T16:38:55.458417+00:00] log.INFO: GET [] []
[2024-09-03T16:38:57.060809+00:00] log.INFO: /products [] []
[2024-09-03T16:38:57.060941+00:00] log.INFO: OPTIONS [] []
[2024-09-03T16:38:57.060979+00:00] log.INFO: [2,["DELETE","GET"]] [] []
[2024-09-03T16:41:04.263056+00:00] log.INFO: /products [] []
[2024-09-03T16:41:04.263531+00:00] log.INFO: GET [] []
[2024-09-03T16:41:05.405453+00:00] log.INFO: /products [] []
[2024-09-03T16:41:05.405595+00:00] log.INFO: OPTIONS [] []
[2024-09-03T16:41:05.405641+00:00] log.INFO: [2,["DELETE","GET","OPTIONS"]] [] []
[2024-09-03T16:41:17.299152+00:00] log.INFO: /products [] []
[2024-09-03T16:41:17.299534+00:00] log.INFO: GET [] []
[2024-09-03T16:41:20.479174+00:00] log.INFO: /products [] []
[2024-09-03T16:41:20.479475+00:00] log.INFO: OPTIONS [] []
[2024-09-03T16:41:20.479574+00:00] log.INFO: [2,["DELETE","GET","OPTIONS"]] [] []
[2024-09-03T16:41:52.173907+00:00] log.INFO: /products [] []
[2024-09-03T16:41:52.174164+00:00] log.INFO: GET [] []
[2024-09-03T16:59:49.191764+00:00] log.INFO: /products [] []
[2024-09-03T16:59:49.191993+00:00] log.INFO: GET [] []
[2024-09-03T16:59:51.205604+00:00] log.INFO: /products [] []
[2024-09-03T16:59:51.205871+00:00] log.INFO: OPTIONS [] []
[2024-09-03T16:59:59.828618+00:00] log.INFO: /products [] []
[2024-09-03T16:59:59.828810+00:00] log.INFO: OPTIONS [] []
[2024-09-03T17:00:07.043697+00:00] log.INFO: /products [] []
[2024-09-03T17:00:07.043916+00:00] log.INFO: GET [] []
[2024-09-03T17:00:16.802561+00:00] log.INFO: /products [] []
[2024-09-03T17:00:16.802712+00:00] log.INFO: OPTIONS [] []
[2024-09-03T17:01:59.883319+00:00] log.INFO: /products [] []
[2024-09-03T17:01:59.885005+00:00] log.INFO: GET [] []
[2024-09-03T17:02:59.267270+00:00] log.INFO: /products [] []
[2024-09-03T17:02:59.267532+00:00] log.INFO: GET [] []
[2024-09-03T17:03:01.440545+00:00] log.INFO: /products [] []
[2024-09-03T17:03:01.440729+00:00] log.INFO: GET [] []
[2024-09-03T17:03:04.099278+00:00] log.INFO: /products [] []
[2024-09-03T17:03:04.099687+00:00] log.INFO: DELETE [] []
[2024-09-03T17:03:14.696817+00:00] log.INFO: /products [] []
[2024-09-03T17:03:14.697068+00:00] log.INFO: DELETE [] []
[2024-09-03T17:03:14.970294+00:00] log.INFO: /products [] []
[2024-09-03T17:03:14.970478+00:00] log.INFO: DELETE [] []
[2024-09-03T17:03:23.060855+00:00] log.INFO: /products [] []
[2024-09-03T17:03:23.061015+00:00] log.INFO: DELETE [] []
[2024-09-03T17:04:09.660394+00:00] log.INFO: /products [] []
[2024-09-03T17:04:09.660787+00:00] log.INFO: DELETE [] []
[2024-09-03T17:04:14.075836+00:00] log.INFO: /products [] []
[2024-09-03T17:04:14.075995+00:00] log.INFO: DELETE [] []
[2024-09-03T17:04:16.421251+00:00] log.INFO: /products [] []
[2024-09-03T17:04:16.421423+00:00] log.INFO: GET [] []
[2024-09-03T17:04:18.480144+00:00] log.INFO: /products [] []
[2024-09-03T17:04:18.480291+00:00] log.INFO: DELETE [] []
[2024-09-03T17:04:19.162365+00:00] log.INFO: /products [] []
[2024-09-03T17:04:19.162626+00:00] log.INFO: DELETE [] []
[2024-09-03T17:04:19.376277+00:00] log.INFO: /products [] []
[2024-09-03T17:04:19.376424+00:00] log.INFO: DELETE [] []
[2024-09-03T17:05:03.321248+00:00] log.INFO: /products [] []
[2024-09-03T17:05:03.321479+00:00] log.INFO: GET [] []
[2024-09-03T17:05:16.443438+00:00] log.INFO: /products [] []
[2024-09-03T17:05:16.443650+00:00] log.INFO: GET [] []
[2024-09-03T17:05:18.070929+00:00] log.INFO: /products [] []
[2024-09-03T17:05:18.071113+00:00] log.INFO: DELETE [] []
[2024-09-03T17:05:39.462477+00:00] log.INFO: /products [] []
[2024-09-03T17:05:39.462648+00:00] log.INFO: GET [] []
[2024-09-03T17:06:43.128076+00:00] log.INFO: /products [] []
[2024-09-03T17:06:43.128262+00:00] log.INFO: GET [] []
[2024-09-03T17:06:44.657063+00:00] log.INFO: /products [] []
[2024-09-03T17:06:44.657308+00:00] log.INFO: DELETE [] []
[2024-09-03T17:07:04.493360+00:00] log.INFO: /products [] []
[2024-09-03T17:07:04.493775+00:00] log.INFO: GET [] []
[2024-09-03T17:07:07.392032+00:00] log.INFO: /products [] []
[2024-09-03T17:07:07.392327+00:00] log.INFO: DELETE [] []
[2024-09-03T17:09:27.651874+00:00] log.INFO: /products [] []
[2024-09-03T17:09:27.652240+00:00] log.INFO: GET [] []
[2024-09-03T17:09:30.065899+00:00] log.INFO: /products [] []
[2024-09-03T17:09:30.066088+00:00] log.INFO: GET [] []
[2024-09-03T17:09:32.256643+00:00] log.INFO: /products [] []
[2024-09-03T17:09:32.256956+00:00] log.INFO: DELETE [] []
[2024-09-03T17:10:03.032265+00:00] log.INFO: /products [] []
[2024-09-03T17:10:03.032419+00:00] log.INFO: GET [] []
[2024-09-03T17:10:04.633897+00:00] log.INFO: /products [] []
[2024-09-03T17:10:04.634153+00:00] log.INFO: DELETE [] []
[2024-09-03T17:14:36.686019+00:00] log.INFO: {"products":["fasdsakdjlasoo"]} [] []
